<?xml version="1.0" encoding="UTF-8"?>
<testsuite name="hello.itemservice.ItemServiceApplicationTests" tests="1" skipped="0" failures="0" errors="0" timestamp="2023-08-17T06:00:15" hostname="DESKTOP-F3ILP0D" time="0.005">
  <properties/>
  <testcase name="contextLoads()" classname="hello.itemservice.ItemServiceApplicationTests" time="0.005"/>
  <system-out><![CDATA[2023-08-17 15:00:15.569  INFO 38392 --- [    Test worker] .b.t.c.SpringBootTestContextBootstrapper : Neither @ContextConfiguration nor @ContextHierarchy found for test class [hello.itemservice.ItemServiceApplicationTests], using SpringBootContextLoader
2023-08-17 15:00:15.570  INFO 38392 --- [    Test worker] o.s.t.c.support.AbstractContextLoader    : Could not detect default resource locations for test class [hello.itemservice.ItemServiceApplicationTests]: no resource found for suffixes {-context.xml, Context.groovy}.
2023-08-17 15:00:15.570  INFO 38392 --- [    Test worker] t.c.s.AnnotationConfigContextLoaderUtils : Could not detect default configuration classes for test class [hello.itemservice.ItemServiceApplicationTests]: ItemServiceApplicationTests does not declare any static, non-private, non-final, nested classes annotated with @Configuration.
2023-08-17 15:00:15.578  INFO 38392 --- [    Test worker] .b.t.c.SpringBootTestContextBootstrapper : Found @SpringBootConfiguration hello.itemservice.ItemServiceApplication for test class hello.itemservice.ItemServiceApplicationTests
2023-08-17 15:00:15.581  INFO 38392 --- [    Test worker] .b.t.c.SpringBootTestContextBootstrapper : Loaded default TestExecutionListener class names from location [META-INF/spring.factories]: [org.springframework.boot.test.autoconfigure.restdocs.RestDocsTestExecutionListener, org.springframework.boot.test.autoconfigure.web.client.MockRestServiceServerResetTestExecutionListener, org.springframework.boot.test.autoconfigure.web.servlet.MockMvcPrintOnlyOnFailureTestExecutionListener, org.springframework.boot.test.autoconfigure.web.servlet.WebDriverTestExecutionListener, org.springframework.boot.test.autoconfigure.webservices.client.MockWebServiceServerTestExecutionListener, org.springframework.boot.test.mock.mockito.MockitoTestExecutionListener, org.springframework.boot.test.mock.mockito.ResetMocksTestExecutionListener, org.springframework.test.context.web.ServletTestExecutionListener, org.springframework.test.context.support.DirtiesContextBeforeModesTestExecutionListener, org.springframework.test.context.event.ApplicationEventsTestExecutionListener, org.springframework.test.context.support.DependencyInjectionTestExecutionListener, org.springframework.test.context.support.DirtiesContextTestExecutionListener, org.springframework.test.context.transaction.TransactionalTestExecutionListener, org.springframework.test.context.jdbc.SqlScriptsTestExecutionListener, org.springframework.test.context.event.EventPublishingTestExecutionListener]
2023-08-17 15:00:15.581  INFO 38392 --- [    Test worker] .b.t.c.SpringBootTestContextBootstrapper : Using TestExecutionListeners: [org.springframework.test.context.web.ServletTestExecutionListener@2c9430c6, org.springframework.test.context.support.DirtiesContextBeforeModesTestExecutionListener@66978c15, org.springframework.test.context.event.ApplicationEventsTestExecutionListener@6c96dc5c, org.springframework.boot.test.mock.mockito.MockitoTestExecutionListener@61b6f287, org.springframework.boot.test.autoconfigure.SpringBootDependencyInjectionTestExecutionListener@6ca9ec77, org.springframework.test.context.support.DirtiesContextTestExecutionListener@360432d3, org.springframework.test.context.transaction.TransactionalTestExecutionListener@6c2a7c73, org.springframework.test.context.jdbc.SqlScriptsTestExecutionListener@3ade99bb, org.springframework.test.context.event.EventPublishingTestExecutionListener@193710c3, org.springframework.boot.test.autoconfigure.restdocs.RestDocsTestExecutionListener@eb23b9c, org.springframework.boot.test.autoconfigure.web.client.MockRestServiceServerResetTestExecutionListener@314407dd, org.springframework.boot.test.autoconfigure.web.servlet.MockMvcPrintOnlyOnFailureTestExecutionListener@7f19430f, org.springframework.boot.test.autoconfigure.web.servlet.WebDriverTestExecutionListener@5e89e527, org.springframework.boot.test.autoconfigure.webservices.client.MockWebServiceServerTestExecutionListener@41f84bb1, org.springframework.boot.test.mock.mockito.ResetMocksTestExecutionListener@5013c6bc]
]]></system-out>
  <system-err><![CDATA[]]></system-err>
</testsuite>
