<?xml version="1.0" encoding="UTF-8"?>
<testsuite name="hello.itemservice.ItemServiceApplicationTests" tests="1" skipped="0" failures="0" errors="0" timestamp="2023-08-17T05:32:31" hostname="DESKTOP-F3ILP0D" time="0.004">
  <properties/>
  <testcase name="contextLoads()" classname="hello.itemservice.ItemServiceApplicationTests" time="0.004"/>
  <system-out><![CDATA[2023-08-17 14:32:31.491  INFO 9936 --- [    Test worker] .b.t.c.SpringBootTestContextBootstrapper : Neither @ContextConfiguration nor @ContextHierarchy found for test class [hello.itemservice.ItemServiceApplicationTests], using SpringBootContextLoader
2023-08-17 14:32:31.492  INFO 9936 --- [    Test worker] o.s.t.c.support.AbstractContextLoader    : Could not detect default resource locations for test class [hello.itemservice.ItemServiceApplicationTests]: no resource found for suffixes {-context.xml, Context.groovy}.
2023-08-17 14:32:31.493  INFO 9936 --- [    Test worker] t.c.s.AnnotationConfigContextLoaderUtils : Could not detect default configuration classes for test class [hello.itemservice.ItemServiceApplicationTests]: ItemServiceApplicationTests does not declare any static, non-private, non-final, nested classes annotated with @Configuration.
2023-08-17 14:32:31.500  INFO 9936 --- [    Test worker] .b.t.c.SpringBootTestContextBootstrapper : Found @SpringBootConfiguration hello.itemservice.ItemServiceApplication for test class hello.itemservice.ItemServiceApplicationTests
2023-08-17 14:32:31.504  INFO 9936 --- [    Test worker] .b.t.c.SpringBootTestContextBootstrapper : Loaded default TestExecutionListener class names from location [META-INF/spring.factories]: [org.springframework.boot.test.autoconfigure.restdocs.RestDocsTestExecutionListener, org.springframework.boot.test.autoconfigure.web.client.MockRestServiceServerResetTestExecutionListener, org.springframework.boot.test.autoconfigure.web.servlet.MockMvcPrintOnlyOnFailureTestExecutionListener, org.springframework.boot.test.autoconfigure.web.servlet.WebDriverTestExecutionListener, org.springframework.boot.test.autoconfigure.webservices.client.MockWebServiceServerTestExecutionListener, org.springframework.boot.test.mock.mockito.MockitoTestExecutionListener, org.springframework.boot.test.mock.mockito.ResetMocksTestExecutionListener, org.springframework.test.context.web.ServletTestExecutionListener, org.springframework.test.context.support.DirtiesContextBeforeModesTestExecutionListener, org.springframework.test.context.event.ApplicationEventsTestExecutionListener, org.springframework.test.context.support.DependencyInjectionTestExecutionListener, org.springframework.test.context.support.DirtiesContextTestExecutionListener, org.springframework.test.context.transaction.TransactionalTestExecutionListener, org.springframework.test.context.jdbc.SqlScriptsTestExecutionListener, org.springframework.test.context.event.EventPublishingTestExecutionListener]
2023-08-17 14:32:31.504  INFO 9936 --- [    Test worker] .b.t.c.SpringBootTestContextBootstrapper : Using TestExecutionListeners: [org.springframework.test.context.web.ServletTestExecutionListener@1deca369, org.springframework.test.context.support.DirtiesContextBeforeModesTestExecutionListener@2d0ce8a1, org.springframework.test.context.event.ApplicationEventsTestExecutionListener@2735a7dc, org.springframework.boot.test.mock.mockito.MockitoTestExecutionListener@549b26d7, org.springframework.boot.test.autoconfigure.SpringBootDependencyInjectionTestExecutionListener@2c9430c6, org.springframework.test.context.support.DirtiesContextTestExecutionListener@66978c15, org.springframework.test.context.transaction.TransactionalTestExecutionListener@6c96dc5c, org.springframework.test.context.jdbc.SqlScriptsTestExecutionListener@61b6f287, org.springframework.test.context.event.EventPublishingTestExecutionListener@6ca9ec77, org.springframework.boot.test.autoconfigure.restdocs.RestDocsTestExecutionListener@360432d3, org.springframework.boot.test.autoconfigure.web.client.MockRestServiceServerResetTestExecutionListener@6c2a7c73, org.springframework.boot.test.autoconfigure.web.servlet.MockMvcPrintOnlyOnFailureTestExecutionListener@3ade99bb, org.springframework.boot.test.autoconfigure.web.servlet.WebDriverTestExecutionListener@193710c3, org.springframework.boot.test.autoconfigure.webservices.client.MockWebServiceServerTestExecutionListener@eb23b9c, org.springframework.boot.test.mock.mockito.ResetMocksTestExecutionListener@314407dd]
]]></system-out>
  <system-err><![CDATA[]]></system-err>
</testsuite>
